<?xml version="1.0" encoding="UTF-8" ?>
<testsuite tests="6" failures="1" name="test_runner.RunCucumberTest" time="2.133" errors="1" skipped="0">
  <properties>
[...]
</properties>
  <testcase classname="Services scenarios" name="POST services" time="1.639">
    <error message="Status code is not 200: 201

{
    &quot;createdAt&quot;: &quot;2018-03-03T23:25:12.383Z&quot;,
    &quot;name&quot;: &quot;POST service&quot;,
    &quot;id&quot;: 126,
    &quot;updatedAt&quot;: &quot;2018-03-03T23:25:12.383Z&quot;
}" type="java.lang.IllegalStateException">java.lang.IllegalStateException: Status code is not 200: 201

{
    &quot;createdAt&quot;: &quot;2018-03-03T23:25:12.383Z&quot;,
    &quot;name&quot;: &quot;POST service&quot;,
    &quot;id&quot;: 126,
    &quot;updatedAt&quot;: &quot;2018-03-03T23:25:12.383Z&quot;
}
	at api.APICore.verifyLastStatusCode(APICore.java:265)
	at stepdefs_api.ServicesDef.lastResponseShouldHaveStatus(ServicesDef.java:70)
	at ✽.last response should have status &apos;200&apos;(src/test/resources/features/Services.feature:16)
</error>
    <system-out>@API @services
Feature: Services scenarios

  @API @services
  Scenario: POST services                       &amp;#27;[90m# src/test/resources/features/Services.feature:9&amp;#27;[0m
    &amp;#27;[32mWhen &amp;#27;[0m&amp;#27;[32mPOST services is sent with body&amp;#27;[0m        &amp;#27;[90m# ServicesDef.postServiceWithAttributes(String)&amp;#27;[0m
    &amp;#27;[31mThen &amp;#27;[0m&amp;#27;[31mlast response should have status &apos;&amp;#27;[0m&amp;#27;[31m&amp;#27;[1m200&amp;#27;[0m&amp;#27;[31m&apos;&amp;#27;[0m &amp;#27;[90m# ServicesDef.lastResponseShouldHaveStatus(int)&amp;#27;[0m
      &amp;#27;[31mjava.lang.IllegalStateException: Status code is not 200: 201

{
    &quot;createdAt&quot;: &quot;2018-03-03T23:25:12.383Z&quot;,
    &quot;name&quot;: &quot;POST service&quot;,
    &quot;id&quot;: 126,
    &quot;updatedAt&quot;: &quot;2018-03-03T23:25:12.383Z&quot;
}
	at api.APICore.verifyLastStatusCode(APICore.java:265)
	at stepdefs_api.ServicesDef.lastResponseShouldHaveStatus(ServicesDef.java:70)
	at ✽.last response should have status &apos;200&apos;(src/test/resources/features/Services.feature:16)
&amp;#27;[0m
    &amp;#27;[36mAnd &amp;#27;[0m&amp;#27;[36mlast response should be empty&amp;#27;[0m           &amp;#27;[90m# ServicesDef.lastResponseShouldBeEmpty()&amp;#27;[0m
</system-out>
    <system-err>WARNING: Found tags option &apos;~@excluded&apos;. Support for &apos;~@tag&apos; will be removed from the next release of Cucumber-JVM. Please use &apos;not @tag&apos; instead.
</system-err>
  </testcase>
  <testcase classname="Services scenarios" name="POST services. GET services/{id}" time="0.238"/>
  <testcase classname="Services scenarios" name="GET services" time="0.021"/>
  <testcase classname="Services scenarios" name="PATCH services." time="0.102"/>
  <testcase classname="Services scenarios" name="DELETE services" time="0.042">
    <failure message="Last Response is not empty" type="java.lang.AssertionError">java.lang.AssertionError: Last Response is not empty
	at org.junit.Assert.fail(Assert.java:88)
	at org.junit.Assert.assertTrue(Assert.java:41)
	at org.junit.Assert.assertFalse(Assert.java:64)
	at stepdefs_api.ServicesDef.lastResponseShouldBeEmpty(ServicesDef.java:65)
	at ✽.last response should be empty(src/test/resources/features/Services.feature:82)
</failure>
    <system-out>
  @API @services
  Scenario: DELETE services                     &amp;#27;[90m# src/test/resources/features/Services.feature:73&amp;#27;[0m
    &amp;#27;[32mGiven &amp;#27;[0m&amp;#27;[32mPOST services is sent with body&amp;#27;[0m       &amp;#27;[90m# ServicesDef.postServiceWithAttributes(String)&amp;#27;[0m
url test 129
    &amp;#27;[32mWhen &amp;#27;[0m&amp;#27;[32mDELETE last created service is sent&amp;#27;[0m    &amp;#27;[90m# ServicesDef.deleteLastCreatedService()&amp;#27;[0m
    &amp;#27;[32mThen &amp;#27;[0m&amp;#27;[32mlast response should have status &apos;&amp;#27;[0m&amp;#27;[32m&amp;#27;[1m200&amp;#27;[0m&amp;#27;[32m&apos;&amp;#27;[0m &amp;#27;[90m# ServicesDef.lastResponseShouldHaveStatus(int)&amp;#27;[0m
    &amp;#27;[31mAnd &amp;#27;[0m&amp;#27;[31mlast response should be empty&amp;#27;[0m           &amp;#27;[90m# ServicesDef.lastResponseShouldBeEmpty()&amp;#27;[0m
      &amp;#27;[31mjava.lang.AssertionError: Last Response is not empty
	at org.junit.Assert.fail(Assert.java:88)
	at org.junit.Assert.assertTrue(Assert.java:41)
	at org.junit.Assert.assertFalse(Assert.java:64)
	at stepdefs_api.ServicesDef.lastResponseShouldBeEmpty(ServicesDef.java:65)
	at ✽.last response should be empty(src/test/resources/features/Services.feature:82)
&amp;#27;[0m
</system-out>
  </testcase>
  <testcase classname="Services scenarios" name="GET deleted service by ID" time="0.091"/>
</testsuite>