-------------------------------------------------------------------------------
Test set: test_runner.RunCucumberTest
-------------------------------------------------------------------------------
Tests run: 8, Failures: 1, Errors: 1, Skipped: 0, Time elapsed: 3.631 sec <<< FAILURE!
POST services(Services scenarios)  Time elapsed: 2.192 sec  <<< ERROR!
java.lang.IllegalStateException: Status code is not 200: 201

{
    "createdAt": "2018-03-04T10:58:28.388Z",
    "name": "POST service",
    "id": 166,
    "updatedAt": "2018-03-04T10:58:28.388Z"
}
	at api.APICore.verifyLastStatusCode(APICore.java:266)
	at stepdefs_api.ServicesDef.lastResponseShouldHaveStatus(ServicesDef.java:71)
	at ✽.last response should have status '200'(src/test/resources/features/Services.feature:16)

DELETE services(Services scenarios)  Time elapsed: 0.062 sec  <<< FAILURE!
java.lang.AssertionError: Last Response is not empty
	at org.junit.Assert.fail(Assert.java:88)
	at org.junit.Assert.assertTrue(Assert.java:41)
	at org.junit.Assert.assertFalse(Assert.java:64)
	at stepdefs_api.ServicesDef.lastResponseShouldBeEmpty(ServicesDef.java:66)
	at ✽.last response should be empty(src/test/resources/features/Services.feature:81)

